<?xml version="1.0" encoding="UTF-8"?>
<!-- Generated by org.testng.reporters.JUnitReportReporter -->
<testsuite skipped="1" hostname="I31721" name="com.amazon.web.tests.TestCases" tests="2" failures="0" timestamp="2020-04-12T13:04:52 IST" time="102.223" errors="0">
  <testcase name="checkoutProcessForLoginUser" time="102.223" classname="com.amazon.web.tests.TestCases"/>
  <testcase name="checkoutProcessForGuestUser" classname="com.amazon.web.tests.TestCases">
    <skipped/>
  </testcase> <!-- checkoutProcessForGuestUser -->
</testsuite> <!-- com.amazon.web.tests.TestCases -->
